
ROM used:   177/8192 (2%)
            177/8192 (2%) including unused fragments

            0.3 Average locations per line
            4.2 Average locations per statement

RAM used:   6/368 (2%) at main() level
            8/368 (2%) worst case

Stack used: 1 worst case (1 in main + 0 for interrupts)
Stack size: 8

Lines Stmts  %   Files
----- ----- ---  -----
   62    42 100  main.c
  639     0   0  ..\..\..\..\Program Files (x86)\PICC\Devices\16f877.h
----- -----
  701    42 Total

Page ROM  %  RAM   Vol Diff  Functions:
---- --- --- ---   --- ----  ----------
0     21  12    1             @delay_ms1
0    152  86    1  1210  4.9  main
 Inline         0             @cinit1

Program metrics:
    Functions               1
    Statements              42
    Comments                113
    Volume (V)              1215
    Difficulty (D)          4.8
    Effort to implement (E) 5791
    Time to implement (T)   5 minutes
    Est Delivered Bugs (B)  0
    Cyclomatic Complexity   8
    Maintainability (MI)    37

 Segment     Used  Free
-----------  ----  ----
00000-00003     4  0  
00004-007FF   173  1871  
00800-00FFF     0  2048  
01000-017FF     0  2048  
01800-01FFF     0  2048  



